This file contains any messages produced by compilers while
running configure, to aid debugging if configure makes a mistake.

It was created by configure, which was
generated by GNU Autoconf 2.65.  Invocation command line was

  $ ./configure 

## --------- ##
## Platform. ##
## --------- ##

hostname = bochs1
uname -m = amd64
uname -r = 11.1-RELEASE
uname -s = FreeBSD
uname -v = FreeBSD 11.1-RELEASE #0 r321309: Fri Jul 21 02:08:28 UTC 2017     root@releng2.nyi.freebsd.org:/usr/obj/usr/src/sys/GENERIC 

/usr/bin/uname -p = amd64
/bin/uname -X     = unknown

/bin/arch              = unknown
/usr/bin/arch -k       = unknown
/usr/convex/getsysinfo = unknown
/usr/bin/hostinfo      = unknown
/bin/machine           = unknown
/usr/bin/oslevel       = unknown
/bin/universe          = unknown

PATH: /sbin
PATH: /bin
PATH: /usr/sbin
PATH: /usr/bin
PATH: /usr/local/sbin
PATH: /usr/local/bin
PATH: /home/evennia/bin


## ----------- ##
## Core tests. ##
## ----------- ##

configure:2187: checking for g++
configure:2203: found /usr/local/bin/g++
configure:2214: result: g++
configure:2241: checking for C++ compiler version
configure:2250: g++ --version >&5
g++ (FreeBSD Ports Collection) 6.4.0
Copyright (C) 2017 Free Software Foundation, Inc.
This is free software; see the source for copying conditions.  There is NO
warranty; not even for MERCHANTABILITY or FITNESS FOR A PARTICULAR PURPOSE.

configure:2261: $? = 0
configure:2250: g++ -v >&5
Using built-in specs.
COLLECT_GCC=g++
COLLECT_LTO_WRAPPER=/usr/local/libexec/gcc6/gcc/x86_64-portbld-freebsd11.1/6.4.0/lto-wrapper
Target: x86_64-portbld-freebsd11.1
Configured with: /wrkdirs/usr/ports/lang/gcc6/work/gcc-6.4.0/configure --with-build-config=bootstrap-debug --disable-nls --enable-gnu-indirect-function --libdir=/usr/local/lib/gcc6 --libexecdir=/usr/local/libexec/gcc6 --program-suffix=6 --with-as=/usr/local/bin/as --with-gmp=/usr/local --with-gxx-include-dir=/usr/local/lib/gcc6/include/c++/ --with-ld=/usr/local/bin/ld --with-pkgversion='FreeBSD Ports Collection' --with-system-zlib --with-ecj-jar=/usr/local/share/java/ecj-4.5.jar --enable-languages=c,c++,objc,fortran,java --prefix=/usr/local --localstatedir=/var --mandir=/usr/local/man --infodir=/usr/local/info/gcc6 --build=x86_64-portbld-freebsd11.1
Thread model: posix
gcc version 6.4.0 (FreeBSD Ports Collection) 
configure:2261: $? = 0
configure:2250: g++ -V >&5
g++: error: unrecognized command line option '-V'
g++: fatal error: no input files
compilation terminated.
configure:2261: $? = 1
configure:2250: g++ -qversion >&5
g++: error: unrecognized command line option '-qversion'; did you mean '--version'?
g++: fatal error: no input files
compilation terminated.
configure:2261: $? = 1
configure:2281: checking whether the C++ compiler works
configure:2303: g++    conftest.cpp  >&5
configure:2307: $? = 0
configure:2356: result: yes
configure:2359: checking for C++ compiler default output file name
configure:2361: result: a.out
configure:2367: checking for suffix of executables
configure:2374: g++ -o conftest    conftest.cpp  >&5
configure:2378: $? = 0
configure:2400: result: 
configure:2422: checking whether we are cross compiling
configure:2430: g++ -o conftest    conftest.cpp  >&5
configure:2434: $? = 0
configure:2441: ./conftest
configure:2445: $? = 0
configure:2460: result: no
configure:2465: checking for suffix of object files
configure:2487: g++ -c   conftest.cpp >&5
configure:2491: $? = 0
configure:2512: result: o
configure:2516: checking whether we are using the GNU C++ compiler
configure:2535: g++ -c   conftest.cpp >&5
configure:2535: $? = 0
configure:2544: result: yes
configure:2553: checking whether g++ accepts -g
configure:2573: g++ -c -g  conftest.cpp >&5
configure:2573: $? = 0
configure:2614: result: yes
configure:2645: checking how to run the C++ preprocessor
configure:2672: g++ -E  conftest.cpp
configure:2672: $? = 0
configure:2686: g++ -E  conftest.cpp
conftest.cpp:9:28: fatal error: ac_nonexistent.h: No such file or directory
 #include <ac_nonexistent.h>
                            ^
compilation terminated.
configure:2686: $? = 1
configure: failed program was:
| /* confdefs.h */
| #define PACKAGE_NAME ""
| #define PACKAGE_TARNAME ""
| #define PACKAGE_VERSION ""
| #define PACKAGE_STRING ""
| #define PACKAGE_BUGREPORT ""
| #define PACKAGE_URL ""
| /* end confdefs.h.  */
| #include <ac_nonexistent.h>
configure:2711: result: g++ -E
configure:2731: g++ -E  conftest.cpp
configure:2731: $? = 0
configure:2745: g++ -E  conftest.cpp
conftest.cpp:9:28: fatal error: ac_nonexistent.h: No such file or directory
 #include <ac_nonexistent.h>
                            ^
compilation terminated.
configure:2745: $? = 1
configure: failed program was:
| /* confdefs.h */
| #define PACKAGE_NAME ""
| #define PACKAGE_TARNAME ""
| #define PACKAGE_VERSION ""
| #define PACKAGE_STRING ""
| #define PACKAGE_BUGREPORT ""
| #define PACKAGE_URL ""
| /* end confdefs.h.  */
| #include <ac_nonexistent.h>
configure:2774: checking for grep that handles long lines and -e
configure:2832: result: /usr/bin/grep
configure:2837: checking for egrep
configure:2899: result: /usr/bin/grep -E
configure:2904: checking for ANSI C header files
configure:2924: g++ -c -g -O2  conftest.cpp >&5
configure:2924: $? = 0
configure:2997: g++ -o conftest -g -O2   conftest.cpp  >&5
configure:2997: $? = 0
configure:2997: ./conftest
configure:2997: $? = 0
configure:3008: result: yes
configure:3016: checking for sys/wait.h that is POSIX.1 compatible
configure:3042: g++ -c -g -O2  conftest.cpp >&5
configure:3042: $? = 0
configure:3049: result: yes
configure:3062: checking for sys/types.h
configure:3062: g++ -c -g -O2  conftest.cpp >&5
configure:3062: $? = 0
configure:3062: result: yes
configure:3062: checking for sys/stat.h
configure:3062: g++ -c -g -O2  conftest.cpp >&5
configure:3062: $? = 0
configure:3062: result: yes
configure:3062: checking for stdlib.h
configure:3062: g++ -c -g -O2  conftest.cpp >&5
configure:3062: $? = 0
configure:3062: result: yes
configure:3062: checking for string.h
configure:3062: g++ -c -g -O2  conftest.cpp >&5
configure:3062: $? = 0
configure:3062: result: yes
configure:3062: checking for memory.h
configure:3062: g++ -c -g -O2  conftest.cpp >&5
configure:3062: $? = 0
configure:3062: result: yes
configure:3062: checking for strings.h
configure:3062: g++ -c -g -O2  conftest.cpp >&5
configure:3062: $? = 0
configure:3062: result: yes
configure:3062: checking for inttypes.h
configure:3062: g++ -c -g -O2  conftest.cpp >&5
configure:3062: $? = 0
configure:3062: result: yes
configure:3062: checking for stdint.h
configure:3062: g++ -c -g -O2  conftest.cpp >&5
configure:3062: $? = 0
configure:3062: result: yes
configure:3062: checking for unistd.h
configure:3062: g++ -c -g -O2  conftest.cpp >&5
configure:3062: $? = 0
configure:3062: result: yes
configure:3078: checking fcntl.h usability
configure:3078: g++ -c -g -O2  conftest.cpp >&5
configure:3078: $? = 0
configure:3078: result: yes
configure:3078: checking fcntl.h presence
configure:3078: g++ -E  conftest.cpp
configure:3078: $? = 0
configure:3078: result: yes
configure:3078: checking for fcntl.h
configure:3078: result: yes
configure:3078: checking malloc.h usability
configure:3078: g++ -c -g -O2  conftest.cpp >&5
In file included from conftest.cpp:54:0:
/usr/include/malloc.h:3:2: error: #error "<malloc.h> has been replaced by <stdlib.h>"
 #error "<malloc.h> has been replaced by <stdlib.h>"
  ^~~~~
configure:3078: $? = 1
configure: failed program was:
| /* confdefs.h */
| #define PACKAGE_NAME ""
| #define PACKAGE_TARNAME ""
| #define PACKAGE_VERSION ""
| #define PACKAGE_STRING ""
| #define PACKAGE_BUGREPORT ""
| #define PACKAGE_URL ""
| #define STDC_HEADERS 1
| #define HAVE_SYS_WAIT_H 1
| #define HAVE_SYS_TYPES_H 1
| #define HAVE_SYS_STAT_H 1
| #define HAVE_STDLIB_H 1
| #define HAVE_STRING_H 1
| #define HAVE_MEMORY_H 1
| #define HAVE_STRINGS_H 1
| #define HAVE_INTTYPES_H 1
| #define HAVE_STDINT_H 1
| #define HAVE_UNISTD_H 1
| #define HAVE_FCNTL_H 1
| /* end confdefs.h.  */
| #include <stdio.h>
| #ifdef HAVE_SYS_TYPES_H
| # include <sys/types.h>
| #endif
| #ifdef HAVE_SYS_STAT_H
| # include <sys/stat.h>
| #endif
| #ifdef STDC_HEADERS
| # include <stdlib.h>
| # include <stddef.h>
| #else
| # ifdef HAVE_STDLIB_H
| #  include <stdlib.h>
| # endif
| #endif
| #ifdef HAVE_STRING_H
| # if !defined STDC_HEADERS && defined HAVE_MEMORY_H
| #  include <memory.h>
| # endif
| # include <string.h>
| #endif
| #ifdef HAVE_STRINGS_H
| # include <strings.h>
| #endif
| #ifdef HAVE_INTTYPES_H
| # include <inttypes.h>
| #endif
| #ifdef HAVE_STDINT_H
| # include <stdint.h>
| #endif
| #ifdef HAVE_UNISTD_H
| # include <unistd.h>
| #endif
| #include <malloc.h>
configure:3078: result: no
configure:3078: checking malloc.h presence
configure:3078: g++ -E  conftest.cpp
In file included from conftest.cpp:21:0:
/usr/include/malloc.h:3:2: error: #error "<malloc.h> has been replaced by <stdlib.h>"
 #error "<malloc.h> has been replaced by <stdlib.h>"
  ^~~~~
configure:3078: $? = 1
configure: failed program was:
| /* confdefs.h */
| #define PACKAGE_NAME ""
| #define PACKAGE_TARNAME ""
| #define PACKAGE_VERSION ""
| #define PACKAGE_STRING ""
| #define PACKAGE_BUGREPORT ""
| #define PACKAGE_URL ""
| #define STDC_HEADERS 1
| #define HAVE_SYS_WAIT_H 1
| #define HAVE_SYS_TYPES_H 1
| #define HAVE_SYS_STAT_H 1
| #define HAVE_STDLIB_H 1
| #define HAVE_STRING_H 1
| #define HAVE_MEMORY_H 1
| #define HAVE_STRINGS_H 1
| #define HAVE_INTTYPES_H 1
| #define HAVE_STDINT_H 1
| #define HAVE_UNISTD_H 1
| #define HAVE_FCNTL_H 1
| /* end confdefs.h.  */
| #include <malloc.h>
configure:3078: result: no
configure:3078: checking for malloc.h
configure:3078: result: no
configure:3078: checking for sys/types.h
configure:3078: result: yes
configure:3078: checking sys/time.h usability
configure:3078: g++ -c -g -O2  conftest.cpp >&5
configure:3078: $? = 0
configure:3078: result: yes
configure:3078: checking sys/time.h presence
configure:3078: g++ -E  conftest.cpp
configure:3078: $? = 0
configure:3078: result: yes
configure:3078: checking for sys/time.h
configure:3078: result: yes
configure:3078: checking for unistd.h
configure:3078: result: yes
configure:3078: checking sys/socket.h usability
configure:3078: g++ -c -g -O2  conftest.cpp >&5
configure:3078: $? = 0
configure:3078: result: yes
configure:3078: checking sys/socket.h presence
configure:3078: g++ -E  conftest.cpp
configure:3078: $? = 0
configure:3078: result: yes
configure:3078: checking for sys/socket.h
configure:3078: result: yes
configure:3092: checking sys/param.h usability
configure:3092: g++ -c -g -O2  conftest.cpp >&5
configure:3092: $? = 0
configure:3092: result: yes
configure:3092: checking sys/param.h presence
configure:3092: g++ -E  conftest.cpp
configure:3092: $? = 0
configure:3092: result: yes
configure:3092: checking for sys/param.h
configure:3092: result: yes
configure:3092: checking sys/sysctl.h usability
configure:3092: g++ -c -g -O2  conftest.cpp >&5
configure:3092: $? = 0
configure:3092: result: yes
configure:3092: checking sys/sysctl.h presence
configure:3092: g++ -E  conftest.cpp
configure:3092: $? = 0
configure:3092: result: yes
configure:3092: checking for sys/sysctl.h
configure:3092: result: yes
configure:3092: checking sys/utsname.h usability
configure:3092: g++ -c -g -O2  conftest.cpp >&5
configure:3092: $? = 0
configure:3092: result: yes
configure:3092: checking sys/utsname.h presence
configure:3092: g++ -E  conftest.cpp
configure:3092: $? = 0
configure:3092: result: yes
configure:3092: checking for sys/utsname.h
configure:3092: result: yes
configure:3092: checking netinet/in.h usability
configure:3092: g++ -c -g -O2  conftest.cpp >&5
configure:3092: $? = 0
configure:3092: result: yes
configure:3092: checking netinet/in.h presence
configure:3092: g++ -E  conftest.cpp
configure:3092: $? = 0
configure:3092: result: yes
configure:3092: checking for netinet/in.h
configure:3092: result: yes
configure:3092: checking netdb.h usability
configure:3092: g++ -c -g -O2  conftest.cpp >&5
configure:3092: $? = 0
configure:3092: result: yes
configure:3092: checking netdb.h presence
configure:3092: g++ -E  conftest.cpp
configure:3092: $? = 0
configure:3092: result: yes
configure:3092: checking for netdb.h
configure:3092: result: yes
configure:3092: checking arpa/inet.h usability
configure:3092: g++ -c -g -O2  conftest.cpp >&5
configure:3092: $? = 0
configure:3092: result: yes
configure:3092: checking arpa/inet.h presence
configure:3092: g++ -E  conftest.cpp
configure:3092: $? = 0
configure:3092: result: yes
configure:3092: checking for arpa/inet.h
configure:3092: result: yes
configure:3104: checking for pid_t
configure:3104: g++ -c -g -O2  conftest.cpp >&5
configure:3104: $? = 0
configure:3104: g++ -c -g -O2  conftest.cpp >&5
conftest.cpp: In function 'int main()':
conftest.cpp:67:19: error: expected primary-expression before ')' token
 if (sizeof ((pid_t)))
                   ^
configure:3104: $? = 1
configure: failed program was:
| /* confdefs.h */
| #define PACKAGE_NAME ""
| #define PACKAGE_TARNAME ""
| #define PACKAGE_VERSION ""
| #define PACKAGE_STRING ""
| #define PACKAGE_BUGREPORT ""
| #define PACKAGE_URL ""
| #define STDC_HEADERS 1
| #define HAVE_SYS_WAIT_H 1
| #define HAVE_SYS_TYPES_H 1
| #define HAVE_SYS_STAT_H 1
| #define HAVE_STDLIB_H 1
| #define HAVE_STRING_H 1
| #define HAVE_MEMORY_H 1
| #define HAVE_STRINGS_H 1
| #define HAVE_INTTYPES_H 1
| #define HAVE_STDINT_H 1
| #define HAVE_UNISTD_H 1
| #define HAVE_FCNTL_H 1
| #define HAVE_SYS_TYPES_H 1
| #define HAVE_SYS_TIME_H 1
| #define HAVE_UNISTD_H 1
| #define HAVE_SYS_SOCKET_H 1
| #define HAVE_SYS_PARAM_H 1
| #define HAVE_SYS_SYSCTL_H 1
| #define HAVE_SYS_UTSNAME_H 1
| #define HAVE_NETINET_IN_H 1
| #define HAVE_NETDB_H 1
| #define HAVE_ARPA_INET_H 1
| /* end confdefs.h.  */
| #include <stdio.h>
| #ifdef HAVE_SYS_TYPES_H
| # include <sys/types.h>
| #endif
| #ifdef HAVE_SYS_STAT_H
| # include <sys/stat.h>
| #endif
| #ifdef STDC_HEADERS
| # include <stdlib.h>
| # include <stddef.h>
| #else
| # ifdef HAVE_STDLIB_H
| #  include <stdlib.h>
| # endif
| #endif
| #ifdef HAVE_STRING_H
| # if !defined STDC_HEADERS && defined HAVE_MEMORY_H
| #  include <memory.h>
| # endif
| # include <string.h>
| #endif
| #ifdef HAVE_STRINGS_H
| # include <strings.h>
| #endif
| #ifdef HAVE_INTTYPES_H
| # include <inttypes.h>
| #endif
| #ifdef HAVE_STDINT_H
| # include <stdint.h>
| #endif
| #ifdef HAVE_UNISTD_H
| # include <unistd.h>
| #endif
| int
| main ()
| {
| if (sizeof ((pid_t)))
| 	    return 0;
|   ;
|   return 0;
| }
configure:3104: result: yes
configure:3115: checking for size_t
configure:3115: g++ -c -g -O2  conftest.cpp >&5
configure:3115: $? = 0
configure:3115: g++ -c -g -O2  conftest.cpp >&5
conftest.cpp: In function 'int main()':
conftest.cpp:67:20: error: expected primary-expression before ')' token
 if (sizeof ((size_t)))
                    ^
configure:3115: $? = 1
configure: failed program was:
| /* confdefs.h */
| #define PACKAGE_NAME ""
| #define PACKAGE_TARNAME ""
| #define PACKAGE_VERSION ""
| #define PACKAGE_STRING ""
| #define PACKAGE_BUGREPORT ""
| #define PACKAGE_URL ""
| #define STDC_HEADERS 1
| #define HAVE_SYS_WAIT_H 1
| #define HAVE_SYS_TYPES_H 1
| #define HAVE_SYS_STAT_H 1
| #define HAVE_STDLIB_H 1
| #define HAVE_STRING_H 1
| #define HAVE_MEMORY_H 1
| #define HAVE_STRINGS_H 1
| #define HAVE_INTTYPES_H 1
| #define HAVE_STDINT_H 1
| #define HAVE_UNISTD_H 1
| #define HAVE_FCNTL_H 1
| #define HAVE_SYS_TYPES_H 1
| #define HAVE_SYS_TIME_H 1
| #define HAVE_UNISTD_H 1
| #define HAVE_SYS_SOCKET_H 1
| #define HAVE_SYS_PARAM_H 1
| #define HAVE_SYS_SYSCTL_H 1
| #define HAVE_SYS_UTSNAME_H 1
| #define HAVE_NETINET_IN_H 1
| #define HAVE_NETDB_H 1
| #define HAVE_ARPA_INET_H 1
| /* end confdefs.h.  */
| #include <stdio.h>
| #ifdef HAVE_SYS_TYPES_H
| # include <sys/types.h>
| #endif
| #ifdef HAVE_SYS_STAT_H
| # include <sys/stat.h>
| #endif
| #ifdef STDC_HEADERS
| # include <stdlib.h>
| # include <stddef.h>
| #else
| # ifdef HAVE_STDLIB_H
| #  include <stdlib.h>
| # endif
| #endif
| #ifdef HAVE_STRING_H
| # if !defined STDC_HEADERS && defined HAVE_MEMORY_H
| #  include <memory.h>
| # endif
| # include <string.h>
| #endif
| #ifdef HAVE_STRINGS_H
| # include <strings.h>
| #endif
| #ifdef HAVE_INTTYPES_H
| # include <inttypes.h>
| #endif
| #ifdef HAVE_STDINT_H
| # include <stdint.h>
| #endif
| #ifdef HAVE_UNISTD_H
| # include <unistd.h>
| #endif
| int
| main ()
| {
| if (sizeof ((size_t)))
| 	    return 0;
|   ;
|   return 0;
| }
configure:3115: result: yes
configure:3126: checking if socklen_t defined
configure:3212: g++ -c -g -O2  conftest.cpp >&5
configure:3212: $? = 0
configure:3220: result: yes
configure:3227: checking whether time.h and sys/time.h may both be included
configure:3247: g++ -c -g -O2  conftest.cpp >&5
configure:3247: $? = 0
configure:3254: result: yes
configure:3263: checking return type of signal handlers
configure:3281: g++ -c -g -O2  conftest.cpp >&5
conftest.cpp: In function 'int main()':
conftest.cpp:38:25: error: void value not ignored as it ought to be
 return *(signal (0, 0)) (0) == 1;
         ~~~~~~~~~~~~~~~~^~~
configure:3281: $? = 1
configure: failed program was:
| /* confdefs.h */
| #define PACKAGE_NAME ""
| #define PACKAGE_TARNAME ""
| #define PACKAGE_VERSION ""
| #define PACKAGE_STRING ""
| #define PACKAGE_BUGREPORT ""
| #define PACKAGE_URL ""
| #define STDC_HEADERS 1
| #define HAVE_SYS_WAIT_H 1
| #define HAVE_SYS_TYPES_H 1
| #define HAVE_SYS_STAT_H 1
| #define HAVE_STDLIB_H 1
| #define HAVE_STRING_H 1
| #define HAVE_MEMORY_H 1
| #define HAVE_STRINGS_H 1
| #define HAVE_INTTYPES_H 1
| #define HAVE_STDINT_H 1
| #define HAVE_UNISTD_H 1
| #define HAVE_FCNTL_H 1
| #define HAVE_SYS_TYPES_H 1
| #define HAVE_SYS_TIME_H 1
| #define HAVE_UNISTD_H 1
| #define HAVE_SYS_SOCKET_H 1
| #define HAVE_SYS_PARAM_H 1
| #define HAVE_SYS_SYSCTL_H 1
| #define HAVE_SYS_UTSNAME_H 1
| #define HAVE_NETINET_IN_H 1
| #define HAVE_NETDB_H 1
| #define HAVE_ARPA_INET_H 1
| #define TIME_WITH_SYS_TIME 1
| /* end confdefs.h.  */
| #include <sys/types.h>
| #include <signal.h>
| 
| int
| main ()
| {
| return *(signal (0, 0)) (0) == 1;
|   ;
|   return 0;
| }
configure:3288: result: void
configure:3298: checking for strftime
configure:3298: g++ -o conftest -g -O2   conftest.cpp  >&5
configure:3298: $? = 0
configure:3298: result: yes
configure:3353: checking for vprintf
configure:3353: g++ -o conftest -g -O2   conftest.cpp  >&5
configure:3353: $? = 0
configure:3353: result: yes
configure:3359: checking for _doprnt
configure:3359: g++ -o conftest -g -O2   conftest.cpp  >&5
/tmp//ccisfSMC.o: In function `main':
/usr/home/evennia/dawn1.69s.beta6/src/configure/conftest.cpp:69: undefined reference to `_doprnt'
collect2: error: ld returned 1 exit status
configure:3359: $? = 1
configure: failed program was:
| /* confdefs.h */
| #define PACKAGE_NAME ""
| #define PACKAGE_TARNAME ""
| #define PACKAGE_VERSION ""
| #define PACKAGE_STRING ""
| #define PACKAGE_BUGREPORT ""
| #define PACKAGE_URL ""
| #define STDC_HEADERS 1
| #define HAVE_SYS_WAIT_H 1
| #define HAVE_SYS_TYPES_H 1
| #define HAVE_SYS_STAT_H 1
| #define HAVE_STDLIB_H 1
| #define HAVE_STRING_H 1
| #define HAVE_MEMORY_H 1
| #define HAVE_STRINGS_H 1
| #define HAVE_INTTYPES_H 1
| #define HAVE_STDINT_H 1
| #define HAVE_UNISTD_H 1
| #define HAVE_FCNTL_H 1
| #define HAVE_SYS_TYPES_H 1
| #define HAVE_SYS_TIME_H 1
| #define HAVE_UNISTD_H 1
| #define HAVE_SYS_SOCKET_H 1
| #define HAVE_SYS_PARAM_H 1
| #define HAVE_SYS_SYSCTL_H 1
| #define HAVE_SYS_UTSNAME_H 1
| #define HAVE_NETINET_IN_H 1
| #define HAVE_NETDB_H 1
| #define HAVE_ARPA_INET_H 1
| #define TIME_WITH_SYS_TIME 1
| #define RETSIGTYPE void
| #define HAVE_STRFTIME 1
| #define HAVE_VPRINTF 1
| /* end confdefs.h.  */
| /* Define _doprnt to an innocuous variant, in case <limits.h> declares _doprnt.
|    For example, HP-UX 11i <limits.h> declares gettimeofday.  */
| #define _doprnt innocuous__doprnt
| 
| /* System header to define __stub macros and hopefully few prototypes,
|     which can conflict with char _doprnt (); below.
|     Prefer <limits.h> to <assert.h> if __STDC__ is defined, since
|     <limits.h> exists even on freestanding compilers.  */
| 
| #ifdef __STDC__
| # include <limits.h>
| #else
| # include <assert.h>
| #endif
| 
| #undef _doprnt
| 
| /* Override any GCC internal prototype to avoid an error.
|    Use char because int might match the return type of a GCC
|    builtin and then its argument prototype would still apply.  */
| #ifdef __cplusplus
| extern "C"
| #endif
| char _doprnt ();
| /* The GNU C library defines this for functions which it implements
|     to always fail with ENOSYS.  Some functions are actually named
|     something starting with __ and the normal name is an alias.  */
| #if defined __stub__doprnt || defined __stub____doprnt
| choke me
| #endif
| 
| int
| main ()
| {
| return _doprnt ();
|   ;
|   return 0;
| }
configure:3359: result: no
configure:3373: checking for gettimeofday
configure:3373: g++ -o conftest -g -O2   conftest.cpp  >&5
configure:3373: $? = 0
configure:3373: result: yes
configure:3373: checking for select
configure:3373: g++ -o conftest -g -O2   conftest.cpp  >&5
configure:3373: $? = 0
configure:3373: result: yes
configure:3373: checking for socket
configure:3373: g++ -o conftest -g -O2   conftest.cpp  >&5
configure:3373: $? = 0
configure:3373: result: yes
configure:3373: checking for strstr
configure:3373: g++ -o conftest -g -O2   conftest.cpp  >&5
configure:3373: $? = 0
configure:3373: result: yes
configure:3384: checking for deflate in -lz
configure:3409: g++ -o conftest -g -O2   conftest.cpp -lz   >&5
configure:3409: $? = 0
configure:3418: result: yes
configure:3421: checking zlib.h usability
configure:3421: g++ -c -g -O2  conftest.cpp >&5
configure:3421: $? = 0
configure:3421: result: yes
configure:3421: checking zlib.h presence
configure:3421: g++ -E  conftest.cpp
configure:3421: $? = 0
configure:3421: result: yes
configure:3421: checking for zlib.h
configure:3421: result: yes
configure:3431: checking for main in -lws2_32
configure:3450: g++ -o conftest -g -O2   conftest.cpp -lws2_32   >&5
/usr/local/bin/ld: cannot find -lws2_32
collect2: error: ld returned 1 exit status
configure:3450: $? = 1
configure: failed program was:
| /* confdefs.h */
| #define PACKAGE_NAME ""
| #define PACKAGE_TARNAME ""
| #define PACKAGE_VERSION ""
| #define PACKAGE_STRING ""
| #define PACKAGE_BUGREPORT ""
| #define PACKAGE_URL ""
| #define STDC_HEADERS 1
| #define HAVE_SYS_WAIT_H 1
| #define HAVE_SYS_TYPES_H 1
| #define HAVE_SYS_STAT_H 1
| #define HAVE_STDLIB_H 1
| #define HAVE_STRING_H 1
| #define HAVE_MEMORY_H 1
| #define HAVE_STRINGS_H 1
| #define HAVE_INTTYPES_H 1
| #define HAVE_STDINT_H 1
| #define HAVE_UNISTD_H 1
| #define HAVE_FCNTL_H 1
| #define HAVE_SYS_TYPES_H 1
| #define HAVE_SYS_TIME_H 1
| #define HAVE_UNISTD_H 1
| #define HAVE_SYS_SOCKET_H 1
| #define HAVE_SYS_PARAM_H 1
| #define HAVE_SYS_SYSCTL_H 1
| #define HAVE_SYS_UTSNAME_H 1
| #define HAVE_NETINET_IN_H 1
| #define HAVE_NETDB_H 1
| #define HAVE_ARPA_INET_H 1
| #define TIME_WITH_SYS_TIME 1
| #define RETSIGTYPE void
| #define HAVE_STRFTIME 1
| #define HAVE_VPRINTF 1
| #define HAVE_GETTIMEOFDAY 1
| #define HAVE_SELECT 1
| #define HAVE_SOCKET 1
| #define HAVE_STRSTR 1
| #define HAVE_ZLIB 1
| /* end confdefs.h.  */
| 
| 
| int
| main ()
| {
| return main ();
|   ;
|   return 0;
| }
configure:3459: result: no
configure:3490: checking for library containing getaddrinfo
configure:3521: g++ -o conftest -g -O2   conftest.cpp  >&5
configure:3521: $? = 0
configure:3538: result: none required
configure:3546: checking for library containing gai_strerror
configure:3577: g++ -o conftest -g -O2   conftest.cpp  >&5
configure:3577: $? = 0
configure:3594: result: none required
configure:3602: checking for library containing getnameinfo
configure:3633: g++ -o conftest -g -O2   conftest.cpp  >&5
configure:3633: $? = 0
configure:3650: result: none required
configure:3660: checking for gai_strerror
configure:3660: g++ -o conftest -g -O2   conftest.cpp  >&5
configure:3660: $? = 0
configure:3660: result: yes
configure:3670: checking for working getaddrinfo
configure:3716: g++ -o conftest -g -O2   conftest.cpp  >&5
conftest.cpp:56:15: error: '::main' must return 'int'
 void main(void) {
               ^
configure:3716: $? = 1
configure: program exited with status 1
configure: failed program was:
| /* confdefs.h */
| #define PACKAGE_NAME ""
| #define PACKAGE_TARNAME ""
| #define PACKAGE_VERSION ""
| #define PACKAGE_STRING ""
| #define PACKAGE_BUGREPORT ""
| #define PACKAGE_URL ""
| #define STDC_HEADERS 1
| #define HAVE_SYS_WAIT_H 1
| #define HAVE_SYS_TYPES_H 1
| #define HAVE_SYS_STAT_H 1
| #define HAVE_STDLIB_H 1
| #define HAVE_STRING_H 1
| #define HAVE_MEMORY_H 1
| #define HAVE_STRINGS_H 1
| #define HAVE_INTTYPES_H 1
| #define HAVE_STDINT_H 1
| #define HAVE_UNISTD_H 1
| #define HAVE_FCNTL_H 1
| #define HAVE_SYS_TYPES_H 1
| #define HAVE_SYS_TIME_H 1
| #define HAVE_UNISTD_H 1
| #define HAVE_SYS_SOCKET_H 1
| #define HAVE_SYS_PARAM_H 1
| #define HAVE_SYS_SYSCTL_H 1
| #define HAVE_SYS_UTSNAME_H 1
| #define HAVE_NETINET_IN_H 1
| #define HAVE_NETDB_H 1
| #define HAVE_ARPA_INET_H 1
| #define TIME_WITH_SYS_TIME 1
| #define RETSIGTYPE void
| #define HAVE_STRFTIME 1
| #define HAVE_VPRINTF 1
| #define HAVE_GETTIMEOFDAY 1
| #define HAVE_SELECT 1
| #define HAVE_SOCKET 1
| #define HAVE_STRSTR 1
| #define HAVE_ZLIB 1
| #define HAVE_GAI_STRERROR 1
| /* end confdefs.h.  */
| 
| #ifdef HAVE_NETDB_H
| #include <netdb.h>
| #endif
| #ifdef HAVE_STRING_H
| #include <string.h>
| #endif
| #ifdef HAVE_SYS_TYPES_H
| #include <sys/types.h>
| #endif
| #ifdef HAVE_SYS_SOCKET_H
| #include <sys/socket.h>
| #endif
| #include <stdlib.h>
| 
| void main(void) {
|     struct addrinfo hints, *ai;
|     int error;
| 
|     memset(&hints, 0, sizeof(hints));
|     hints.ai_family = AF_UNSPEC;
|     hints.ai_socktype = SOCK_STREAM;
|     error = getaddrinfo("127.0.0.1", NULL, &hints, &ai);
|     if (error) {
|         exit(1);
|     }
|     if (ai->ai_addr->sa_family != AF_INET) {
|         exit(1);
|     }
|     exit(0);
| }
| 
configure:3730: result: no
configure:3743: checking for negative error codes for getaddrinfo
configure:3770: g++ -o conftest -g -O2   conftest.cpp  >&5
conftest.cpp:47:15: error: '::main' must return 'int'
 void main(void) {
               ^
conftest.cpp: In function 'int main()':
conftest.cpp:48:9: error: 'EAI_ADDRFAMILY' was not declared in this scope
     if (EAI_ADDRFAMILY < 0) {
         ^~~~~~~~~~~~~~
configure:3770: $? = 1
configure: program exited with status 1
configure: failed program was:
| /* confdefs.h */
| #define PACKAGE_NAME ""
| #define PACKAGE_TARNAME ""
| #define PACKAGE_VERSION ""
| #define PACKAGE_STRING ""
| #define PACKAGE_BUGREPORT ""
| #define PACKAGE_URL ""
| #define STDC_HEADERS 1
| #define HAVE_SYS_WAIT_H 1
| #define HAVE_SYS_TYPES_H 1
| #define HAVE_SYS_STAT_H 1
| #define HAVE_STDLIB_H 1
| #define HAVE_STRING_H 1
| #define HAVE_MEMORY_H 1
| #define HAVE_STRINGS_H 1
| #define HAVE_INTTYPES_H 1
| #define HAVE_STDINT_H 1
| #define HAVE_UNISTD_H 1
| #define HAVE_FCNTL_H 1
| #define HAVE_SYS_TYPES_H 1
| #define HAVE_SYS_TIME_H 1
| #define HAVE_UNISTD_H 1
| #define HAVE_SYS_SOCKET_H 1
| #define HAVE_SYS_PARAM_H 1
| #define HAVE_SYS_SYSCTL_H 1
| #define HAVE_SYS_UTSNAME_H 1
| #define HAVE_NETINET_IN_H 1
| #define HAVE_NETDB_H 1
| #define HAVE_ARPA_INET_H 1
| #define TIME_WITH_SYS_TIME 1
| #define RETSIGTYPE void
| #define HAVE_STRFTIME 1
| #define HAVE_VPRINTF 1
| #define HAVE_GETTIMEOFDAY 1
| #define HAVE_SELECT 1
| #define HAVE_SOCKET 1
| #define HAVE_STRSTR 1
| #define HAVE_ZLIB 1
| #define HAVE_GAI_STRERROR 1
| /* end confdefs.h.  */
| 
| #ifdef HAVE_NETDB_H
| #include <netdb.h>
| #endif
| #include <stdlib.h>
| 
| void main(void) {
|     if (EAI_ADDRFAMILY < 0) {
|         exit(0);
|     }
|     exit(1);
| }
| 
configure:3784: result: no
configure:3793: checking for working getnameinfo
configure:3850: g++ -o conftest -g -O2   conftest.cpp  >&5
conftest.cpp:62:15: error: '::main' must return 'int'
 void main(void) {
               ^
configure:3850: $? = 1
configure: program exited with status 1
configure: failed program was:
| /* confdefs.h */
| #define PACKAGE_NAME ""
| #define PACKAGE_TARNAME ""
| #define PACKAGE_VERSION ""
| #define PACKAGE_STRING ""
| #define PACKAGE_BUGREPORT ""
| #define PACKAGE_URL ""
| #define STDC_HEADERS 1
| #define HAVE_SYS_WAIT_H 1
| #define HAVE_SYS_TYPES_H 1
| #define HAVE_SYS_STAT_H 1
| #define HAVE_STDLIB_H 1
| #define HAVE_STRING_H 1
| #define HAVE_MEMORY_H 1
| #define HAVE_STRINGS_H 1
| #define HAVE_INTTYPES_H 1
| #define HAVE_STDINT_H 1
| #define HAVE_UNISTD_H 1
| #define HAVE_FCNTL_H 1
| #define HAVE_SYS_TYPES_H 1
| #define HAVE_SYS_TIME_H 1
| #define HAVE_UNISTD_H 1
| #define HAVE_SYS_SOCKET_H 1
| #define HAVE_SYS_PARAM_H 1
| #define HAVE_SYS_SYSCTL_H 1
| #define HAVE_SYS_UTSNAME_H 1
| #define HAVE_NETINET_IN_H 1
| #define HAVE_NETDB_H 1
| #define HAVE_ARPA_INET_H 1
| #define TIME_WITH_SYS_TIME 1
| #define RETSIGTYPE void
| #define HAVE_STRFTIME 1
| #define HAVE_VPRINTF 1
| #define HAVE_GETTIMEOFDAY 1
| #define HAVE_SELECT 1
| #define HAVE_SOCKET 1
| #define HAVE_STRSTR 1
| #define HAVE_ZLIB 1
| #define HAVE_GAI_STRERROR 1
| /* end confdefs.h.  */
| 
| #ifdef HAVE_NETDB_H
| #include <netdb.h>
| #endif
| #ifdef HAVE_STRING_H
| #include <string.h>
| #endif
| #ifdef HAVE_SYS_TYPES_H
| #include <sys/types.h>
| #endif
| #ifdef HAVE_SYS_SOCKET_H
| #include <sys/socket.h>
| #endif
| #ifdef HAVE_NETINET_IN_H
| #include <netinet/in.h>
| #endif
| #ifdef HAVE_ARPA_INET_H
| #include <arpa/inet.h>
| #endif
| #include <stdlib.h>
| 
| void main(void) {
|     struct sockaddr_in sa;
|     char hbuf[256];
|     int error;
| 
|     sa.sin_family = AF_INET;
|     sa.sin_port = 0;
|     sa.sin_addr.s_addr = inet_addr("127.0.0.1");
| #ifdef SIN6_LEN
|     sa.sin_len = sizeof(sa);
| #endif
| 
|     error = getnameinfo((const struct sockaddr *)&sa, sizeof(sa),
|                         hbuf, 256, NULL, 0,
|                         NI_NUMERICHOST);
|     if (error) {
|         exit(1);
|     } else {
|         exit(0);
|     }
| }
| 
configure:3864: result: no
configure:3873: checking for sockaddr_in6
configure:3899: g++ -c -g -O2  conftest.cpp >&5
configure:3899: $? = 0
configure:3911: result: yes
configure:3950: checking for sufficient IPv6 support
configure:3952: result: no -- no working getaddrinfo
configure:3955: checking for BSD make
configure:3972: result: make
configure:3977: result: Found
configure:3988: checking for GNU make
configure:4003: result: 
configure:4013: result: Not found
configure:4022: checking for compiler deprecated const string conversion warnings
configure:4039: result: none seen
configure:4154: creating ./config.status

## ---------------------- ##
## Running config.status. ##
## ---------------------- ##

This file was extended by config.status, which was
generated by GNU Autoconf 2.65.  Invocation command line was

  CONFIG_FILES    = 
  CONFIG_HEADERS  = 
  CONFIG_LINKS    = 
  CONFIG_COMMANDS = 
  $ ./config.status 

on bochs1

config.status:828: creating ../makefile
config.status:828: creating ../config.h

## ---------------- ##
## Cache variables. ##
## ---------------- ##

_cv_bsd_make_command=make
_cv_gnu_make_command=''
ac_cv_cxx_compiler_gnu=yes
ac_cv_define_sockaddr_in6=yes
ac_cv_env_CCC_set=''
ac_cv_env_CCC_value=''
ac_cv_env_CPPFLAGS_set=''
ac_cv_env_CPPFLAGS_value=''
ac_cv_env_CXXCPP_set=''
ac_cv_env_CXXCPP_value=''
ac_cv_env_CXXFLAGS_set=''
ac_cv_env_CXXFLAGS_value=''
ac_cv_env_CXX_set=''
ac_cv_env_CXX_value=''
ac_cv_env_LDFLAGS_set=''
ac_cv_env_LDFLAGS_value=''
ac_cv_env_LIBS_set=''
ac_cv_env_LIBS_value=''
ac_cv_env_build_alias_set=''
ac_cv_env_build_alias_value=''
ac_cv_env_host_alias_set=''
ac_cv_env_host_alias_value=''
ac_cv_env_target_alias_set=''
ac_cv_env_target_alias_value=''
ac_cv_func__doprnt=no
ac_cv_func_gai_strerror=yes
ac_cv_func_gettimeofday=yes
ac_cv_func_select=yes
ac_cv_func_socket=yes
ac_cv_func_strftime=yes
ac_cv_func_strstr=yes
ac_cv_func_vprintf=yes
ac_cv_header_arpa_inet_h=yes
ac_cv_header_fcntl_h=yes
ac_cv_header_inttypes_h=yes
ac_cv_header_malloc_h=no
ac_cv_header_memory_h=yes
ac_cv_header_netdb_h=yes
ac_cv_header_netinet_in_h=yes
ac_cv_header_stdc=yes
ac_cv_header_stdint_h=yes
ac_cv_header_stdlib_h=yes
ac_cv_header_string_h=yes
ac_cv_header_strings_h=yes
ac_cv_header_sys_param_h=yes
ac_cv_header_sys_socket_h=yes
ac_cv_header_sys_stat_h=yes
ac_cv_header_sys_sysctl_h=yes
ac_cv_header_sys_time_h=yes
ac_cv_header_sys_types_h=yes
ac_cv_header_sys_utsname_h=yes
ac_cv_header_sys_wait_h=yes
ac_cv_header_time=yes
ac_cv_header_unistd_h=yes
ac_cv_header_zlib_h=yes
ac_cv_lib_ws2_32_main=no
ac_cv_lib_z_deflate=yes
ac_cv_negative_eai=no
ac_cv_objext=o
ac_cv_path_EGREP='/usr/bin/grep -E'
ac_cv_path_GREP=/usr/bin/grep
ac_cv_prog_CXXCPP='g++ -E'
ac_cv_prog_ac_ct_CXX=g++
ac_cv_prog_cxx_g=yes
ac_cv_search_gai_strerror='none required'
ac_cv_search_getaddrinfo='none required'
ac_cv_search_getnameinfo='none required'
ac_cv_type_pid_t=yes
ac_cv_type_signal=void
ac_cv_type_size_t=yes
ac_cv_type_socklen_t=yes
ac_cv_working_getaddrinfo=no
ac_cv_working_getnameinfo=no

## ----------------- ##
## Output variables. ##
## ----------------- ##

CPPFLAGS=''
CXX='g++'
CXXCPP='g++ -E'
CXXFLAGS='-g -O2'
DEFS='-DHAVE_CONFIG_H'
ECHO_C=''
ECHO_N='-n'
ECHO_T=''
EGREP='/usr/bin/grep -E'
EXEEXT=''
GREP='/usr/bin/grep'
LDFLAGS=''
LIBOBJS=''
LIBS=''
LTLIBOBJS=''
NoWriteStringsSetting=''
OBJEXT='o'
PACKAGE_BUGREPORT=''
PACKAGE_NAME=''
PACKAGE_STRING=''
PACKAGE_TARNAME=''
PACKAGE_URL=''
PACKAGE_VERSION=''
PATH_SEPARATOR=':'
SHELL='/bin/sh'
WS2_32=''
ZLIBS='-lz'
ac_ct_CXX='g++'
bindir='${exec_prefix}/bin'
build_alias=''
datadir='${datarootdir}'
datarootdir='${prefix}/share'
docdir='${datarootdir}/doc/${PACKAGE}'
dvidir='${docdir}'
exec_prefix='${prefix}'
host_alias=''
htmldir='${docdir}'
ifBSDmake=''
ifGNUmake='#'
ifSTDmake='#'
includedir='${prefix}/include'
infodir='${datarootdir}/info'
libdir='${exec_prefix}/lib'
libexecdir='${exec_prefix}/libexec'
localedir='${datarootdir}/locale'
localstatedir='${prefix}/var'
mandir='${datarootdir}/man'
oldincludedir='/usr/include'
pdfdir='${docdir}'
prefix='/usr/local'
program_transform_name='s,x,x,'
psdir='${docdir}'
sbindir='${exec_prefix}/sbin'
sharedstatedir='${prefix}/com'
sysconfdir='${prefix}/etc'
target_alias=''

## ----------- ##
## confdefs.h. ##
## ----------- ##

/* confdefs.h */
#define PACKAGE_NAME ""
#define PACKAGE_TARNAME ""
#define PACKAGE_VERSION ""
#define PACKAGE_STRING ""
#define PACKAGE_BUGREPORT ""
#define PACKAGE_URL ""
#define STDC_HEADERS 1
#define HAVE_SYS_WAIT_H 1
#define HAVE_SYS_TYPES_H 1
#define HAVE_SYS_STAT_H 1
#define HAVE_STDLIB_H 1
#define HAVE_STRING_H 1
#define HAVE_MEMORY_H 1
#define HAVE_STRINGS_H 1
#define HAVE_INTTYPES_H 1
#define HAVE_STDINT_H 1
#define HAVE_UNISTD_H 1
#define HAVE_FCNTL_H 1
#define HAVE_SYS_TYPES_H 1
#define HAVE_SYS_TIME_H 1
#define HAVE_UNISTD_H 1
#define HAVE_SYS_SOCKET_H 1
#define HAVE_SYS_PARAM_H 1
#define HAVE_SYS_SYSCTL_H 1
#define HAVE_SYS_UTSNAME_H 1
#define HAVE_NETINET_IN_H 1
#define HAVE_NETDB_H 1
#define HAVE_ARPA_INET_H 1
#define TIME_WITH_SYS_TIME 1
#define RETSIGTYPE void
#define HAVE_STRFTIME 1
#define HAVE_VPRINTF 1
#define HAVE_GETTIMEOFDAY 1
#define HAVE_SELECT 1
#define HAVE_SOCKET 1
#define HAVE_STRSTR 1
#define HAVE_ZLIB 1
#define HAVE_GAI_STRERROR 1

configure: exit 0
